TN:
SF:index.js
FN:21,calculateTotal
FN:51,(anonymous_1)
FNF:2
FNH:2
FNDA:9,calculateTotal
FNDA:10,(anonymous_1)
DA:1,1
DA:3,1
DA:5,1
DA:22,9
DA:24,9
DA:25,3
DA:28,9
DA:29,3
DA:32,9
DA:33,1
DA:36,9
DA:37,3
DA:40,9
DA:41,3
DA:44,9
DA:51,1
DA:52,10
DA:54,10
DA:55,1
DA:58,9
DA:60,9
DA:70,1
LF:22
LH:22
BRDA:24,0,0,3
BRDA:24,0,1,6
BRDA:28,1,0,3
BRDA:28,1,1,6
BRDA:32,2,0,1
BRDA:32,2,1,8
BRDA:36,3,0,3
BRDA:36,3,1,6
BRDA:40,4,0,3
BRDA:40,4,1,6
BRDA:54,5,0,1
BRDA:54,5,1,9
BRDA:54,6,0,10
BRDA:54,6,1,9
BRF:14
BRH:14
end_of_record
