TN:
SF:index.js
FN:7,calculateTotal
FN:37,(anonymous_1)
FNF:2
FNH:2
FNDA:11,calculateTotal
FNDA:12,(anonymous_1)
DA:1,1
DA:3,1
DA:5,1
DA:8,11
DA:10,11
DA:11,5
DA:14,11
DA:15,5
DA:18,11
DA:19,1
DA:22,11
DA:23,6
DA:26,11
DA:27,6
DA:30,11
DA:37,1
DA:38,12
DA:40,12
DA:41,1
DA:44,11
DA:46,11
DA:56,1
LF:22
LH:22
BRDA:10,0,0,5
BRDA:10,0,1,6
BRDA:14,1,0,5
BRDA:14,1,1,6
BRDA:18,2,0,1
BRDA:18,2,1,10
BRDA:22,3,0,6
BRDA:22,3,1,5
BRDA:26,4,0,6
BRDA:26,4,1,5
BRDA:40,5,0,1
BRDA:40,5,1,11
BRDA:40,6,0,12
BRDA:40,6,1,11
BRF:14
BRH:14
end_of_record
